
déc. 25, 2016 17:39:27.50 NEW SESSION
déc. 25, 2016 17:39:27.51 Vector smash protection is enabled.
déc. 25, 2016 17:39:57.54 [WARNING:..\..\..\..\flash\platform\pepper\pep_module.cpp(63)] SANDBOXED

déc. 25, 2016 18:06:53.68 NEW SESSION
déc. 25, 2016 18:06:53.69 A Parser-blocking, cross-origin script, https://securepubads.g.doubleclick.net/gpt/pubads_impl_107.js, is invoked via document.write. This may be blocked by the browser if the device has poor network connectivity. See https://www.chromestatus.com/feature/5718547946799104 for more details.
déc. 25, 2016 18:06:53.69 A Parser-blocking, cross-origin script, https://securepubads.g.doubleclick.net/gpt/pubads_impl_107.js, is invoked via document.write. This may be blocked by the browser if the device has poor network connectivity. See https://www.chromestatus.com/feature/5718547946799104 for more details.
déc. 25, 2016 18:06:53.69 A Parser-blocking, cross-origin script, https://securepubads.g.doubleclick.net/gampad/ads?gdfp_req=1&correlator=1757514845540814&output=json_html&callback=googletag.impl.pubads.setAdContentsBySlotForSync&impl=ss&json_a=1&eid=108809080%2C21060054%2C21060095&sc=0&sfv=1-0-5&iu_parts=6823426%2CFLOATING_BANNER%2CBILLBOARD_RG%2CARTICLE_FOOTER%2CIN_READ%2CCONTENT_FOOTER%2CCONTENT_SIDEBAR%2CRECTANGLE_2_RG%2CRECTANGLE_4_RG%2CRECTANGLE_5_RG%2CBACKGROUND_SKIN&enc_prev_ius=0%2F1%2C0%2F2%2C0%2F3%2C0%2F4%2C0%2F5%2C0%2F6%2C0%2F7%2C0%2F8%2C0%2F9%2C0%2F10&prev_iu_szs=1x1%2C970x250%7C1000x250%2C1x1%2C1x1%2C1x1%2C1x1%2C300x250%7C300x600%2C300x250%7C300x600%2C300x250%7C300x600%2C1x1&ists=512&cust_params=jeu%3DThe%2520Witcher%25203%2520%253A%2520Wild%2520Hunt%26support%3Dps4%252Cxbox-one%252Cpc%26type_cnt%3DSoluce%26type_artcl%3Dsous%2520chapitre%26editeur%3D%2526lt%253Ba%2520href%253D%2526quot%253Bhttps%253A%252F%252Fcdp.pl%252F%2526quot%253B%2520title%253D%2526quot%253BCD%2520Projekt%2526quot%253B%2526gt%253BCD%2520Projekt%2526lt%253B%252Fa%2526gt%253B%26id_cdn%3D50f633a58f152fee45000051%252C150f633a58f152fee45000051%252C261050f633a58f152fee45000051%252C261150f633a58f152fee45000051%26genre%3Drpg&cookie_enabled=1&lmt=1480259256&dt=1482685613666&frm=20&biw=1396&bih=625&oid=3&adxs=0%2C-9%2C-9%2C-9%2C-9%2C-9%2C-9%2C-9%2C-9%2C-9&adys=0%2C-9%2C-9%2C-9%2C-9%2C-9%2C-9%2C-9%2C-9%2C-9&adks=2456548966%2C1800005005%2C3608495370%2C1482033646%2C1789438529%2C2867356667%2C3990574825%2C2197034433%2C1441634441%2C584173347&gut=v2&ifi=1&u_tz=60&u_his=5&u_h=864&u_w=1536&u_ah=826&u_aw=1536&u_cd=24&u_nplug=5&u_nmime=7&u_sd=1.375&flash=24.0.0&url=http%3A%2F%2Fwww.supersoluce.com%2Fsoluce%2Fwitcher-3-wild-hunt%2Fune-invitation-de-keira-metz&ref=https%3A%2F%2Fwww.google.be%2F&dssz=37&icsg=61865023&std=0&csl=98&vrg=107&vrp=107&ga_vid=258092672.1482685614&ga_sid=1482685614&ga_hid=1593626812, is invoked via document.write. This may be blocked by the browser if the device has poor network connectivity. See https://www.chromestatus.com/feature/5718547946799104 for more details.
déc. 25, 2016 18:09:22.13 A Parser-blocking, cross-origin script, https://securepubads.g.doubleclick.net/gampad/ads?gdfp_req=1&correlator=1757514845540814&output=json_html&callback=googletag.impl.pubads.setAdContentsBySlotForSync&impl=ss&json_a=1&eid=108809080%2C21060054%2C21060095&sc=0&sfv=1-0-5&iu_parts=6823426%2CFLOATING_BANNER%2CBILLBOARD_RG%2CARTICLE_FOOTER%2CIN_READ%2CCONTENT_FOOTER%2CCONTENT_SIDEBAR%2CRECTANGLE_2_RG%2CRECTANGLE_4_RG%2CRECTANGLE_5_RG%2CBACKGROUND_SKIN&enc_prev_ius=0%2F1%2C0%2F2%2C0%2F3%2C0%2F4%2C0%2F5%2C0%2F6%2C0%2F7%2C0%2F8%2C0%2F9%2C0%2F10&prev_iu_szs=1x1%2C970x250%7C1000x250%2C1x1%2C1x1%2C1x1%2C1x1%2C300x250%7C300x600%2C300x250%7C300x600%2C300x250%7C300x600%2C1x1&ists=512&cust_params=jeu%3DThe%2520Witcher%25203%2520%253A%2520Wild%2520Hunt%26support%3Dps4%252Cxbox-one%252Cpc%26type_cnt%3DSoluce%26type_artcl%3Dsous%2520chapitre%26editeur%3D%2526lt%253Ba%2520href%253D%2526quot%253Bhttps%253A%252F%252Fcdp.pl%252F%2526quot%253B%2520title%253D%2526quot%253BCD%2520Projekt%2526quot%253B%2526gt%253BCD%2520Projekt%2526lt%253B%252Fa%2526gt%253B%26id_cdn%3D50f633a58f152fee45000051%252C150f633a58f152fee45000051%252C261050f633a58f152fee45000051%252C261150f633a58f152fee45000051%26genre%3Drpg&cookie_enabled=1&lmt=1480259256&dt=1482685613666&frm=20&biw=1396&bih=625&oid=3&adxs=0%2C-9%2C-9%2C-9%2C-9%2C-9%2C-9%2C-9%2C-9%2C-9&adys=0%2C-9%2C-9%2C-9%2C-9%2C-9%2C-9%2C-9%2C-9%2C-9&adks=2456548966%2C1800005005%2C3608495370%2C1482033646%2C1789438529%2C2867356667%2C3990574825%2C2197034433%2C1441634441%2C584173347&gut=v2&ifi=1&u_tz=60&u_his=5&u_h=864&u_w=1536&u_ah=826&u_aw=1536&u_cd=24&u_nplug=5&u_nmime=7&u_sd=1.375&flash=24.0.0&url=http%3A%2F%2Fwww.supersoluce.com%2Fsoluce%2Fwitcher-3-wild-hunt%2Fune-invitation-de-keira-metz&ref=https%3A%2F%2Fwww.google.be%2F&dssz=37&icsg=61865023&std=0&csl=98&vrg=107&vrp=107&ga_vid=258092672.1482685614&ga_sid=1482685614&ga_hid=1593626812, is invoked via document.write. This may be blocked by the browser if the device has poor network connectivity. See https://www.chromestatus.com/feature/5718547946799104 for more details.
déc. 25, 2016 18:09:22.13 A Parser-blocking, cross-origin script, http://www.smartadserver.com/ac?out=js&nwid=104&siteid=59247&pgname=article&fmtid=39644&visit=m&tmstp=1482685613718, is invoked via document.write. This may be blocked by the browser if the device has poor network connectivity. See https://www.chromestatus.com/feature/5718547946799104 for more details.
déc. 25, 2016 18:09:22.13 A Parser-blocking, cross-origin script, http://www.smartadserver.com/ac?out=js&nwid=104&siteid=59247&pgname=article&fmtid=39644&visit=m&tmstp=1482685613718, is invoked via document.write. This may be blocked by the browser if the device has poor network connectivity. See https://www.chromestatus.com/feature/5718547946799104 for more details.
déc. 25, 2016 18:09:22.13 A Parser-blocking, cross-origin script, http://feed.mikle.com/js/rssmikle.js, is invoked via document.write. This may be blocked by the browser if the device has poor network connectivity. See https://www.chromestatus.com/feature/5718547946799104 for more details.
déc. 25, 2016 18:09:22.13 A Parser-blocking, cross-origin script, http://feed.mikle.com/js/rssmikle.js, is invoked via document.write. This may be blocked by the browser if the device has poor network connectivity. See https://www.chromestatus.com/feature/5718547946799104 for more details.
déc. 25, 2016 18:09:22.13 A Parser-blocking, cross-origin script, http://a.wikia-beacon.com/__track/view?cb=1481830142&c=3443&lc=en&lid=75&x=witcher&y=c1&u=0&a=4831&s=oasis&beacon=&n=0&r=https%3A//www.google.be/&rand=1482685761570&beacon=v-gV-r6P5R, is invoked via document.write. This may be blocked by the browser if the device has poor network connectivity. See https://www.chromestatus.com/feature/5718547946799104 for more details.
déc. 25, 2016 18:09:22.13 A Parser-blocking, cross-origin script, http://a.wikia-beacon.com/__track/view?cb=1481830142&c=3443&lc=en&lid=75&x=witcher&y=c1&u=0&a=4831&s=oasis&beacon=&n=0&r=https%3A//www.google.be/&rand=1482685761570&beacon=v-gV-r6P5R, is invoked via document.write. This may be blocked by the browser if the device has poor network connectivity. See https://www.chromestatus.com/feature/5718547946799104 for more details.
déc. 25, 2016 18:09:22.13 A Parser-blocking, cross-origin script, http://api.wikia.nocookie.net/__cb1481830142/wikia.php?controller=AbTesting&method=externalData&callback=Wikia.AbTest.loadExternalData&ids=RECIRCULATION_MIX.415.326,PAGE_HEADER_RDPS_EXPERIMENT.408.322, is invoked via document.write. This may be blocked by the browser if the device has poor network connectivity. See https://www.chromestatus.com/feature/5718547946799104 for more details.
déc. 25, 2016 18:09:22.13 A Parser-blocking, cross-origin script, http://api.wikia.nocookie.net/__cb1481830142/wikia.php?controller=AbTesting&method=externalData&callback=Wikia.AbTest.loadExternalData&ids=RECIRCULATION_MIX.415.326,PAGE_HEADER_RDPS_EXPERIMENT.408.322, is invoked via document.write. This may be blocked by the browser if the device has poor network connectivity. See https://www.chromestatus.com/feature/5718547946799104 for more details.
déc. 25, 2016 18:09:22.13 A Parser-blocking, cross-origin script, http://slot1.images1.wikia.nocookie.net/__load/-/debug%3Dfalse%26lang%3Den%26only%3Dscripts%26skin%3Doasis%26version%3D1481830142-20161215T173000Z/jquery,mediawiki, is invoked via document.write. This may be blocked by the browser if the device has poor network connectivity. See https://www.chromestatus.com/feature/5718547946799104 for more details.

déc. 27, 2016 11:36:33.04 NEW SESSION
déc. 27, 2016 11:36:33.05 Vector smash protection is enabled.

déc. 30, 2016 19:36:57.72 NEW SESSION
déc. 30, 2016 19:36:58.00 [14076:6644:1230/193654:ERROR:gcm_channel_status_request.cc(89)] GCM channel request failed.
déc. 30, 2016 23:34:20.20 [14076:6644:1230/193713:ERROR:gcm_channel_status_request.cc(89)] GCM channel request failed.
déc. 30, 2016 23:34:24.53 [14076:6644:1230/233423:ERROR:gcm_channel_status_request.cc(89)] GCM channel request failed.

janv. 02, 2017 19:41:59.10 NEW SESSION
janv. 02, 2017 19:42:02.70 [3160:15308:0102/194159:ERROR:gcm_channel_status_request.cc(89)] GCM channel request failed.

janv. 04, 2017 14:22:06.71 NEW SESSION
janv. 04, 2017 14:22:06.82 Vector smash protection is enabled.
janv. 04, 2017 14:22:10.31 [11376:13332:0104/142210:ERROR:gles2_cmd_decoder.cc(16349)] [.DisplayCompositor-08B3AD80]GL ERROR :GL_INVALID_OPERATION : glCreateAndConsumeTextureCHROMIUM: invalid mailbox name
janv. 04, 2017 14:22:10.33 [11376:13332:0104/142210:ERROR:gles2_cmd_decoder.cc(16349)] [.DisplayCompositor-08B3AD80]GL ERROR :GL_INVALID_OPERATION : glCreateAndConsumeTextureCHROMIUM: invalid mailbox name
janv. 04, 2017 14:22:10.35 [11376:13332:0104/142210:ERROR:gles2_cmd_decoder.cc(16349)] [.DisplayCompositor-08B3AD80]GL ERROR :GL_INVALID_OPERATION : glCreateAndConsumeTextureCHROMIUM: invalid mailbox name
janv. 04, 2017 14:22:10.38 [11376:13332:0104/142210:ERROR:gles2_cmd_decoder.cc(9063)] [.DisplayCompositor-08B3AD80]RENDER WARNING: texture bound to texture unit 1 is not renderable. It maybe non-power-of-2 and have incompatible texture filtering.
janv. 04, 2017 14:22:10.40 [11376:13332:0104/142210:ERROR:gles2_cmd_decoder.cc(9063)] [.DisplayCompositor-08B3AD80]RENDER WARNING: texture bound to texture unit 2 is not renderable. It maybe non-power-of-2 and have incompatible texture filtering.
janv. 04, 2017 14:22:10.41 [11376:13332:0104/142210:ERROR:gles2_cmd_decoder.cc(9063)] [.DisplayCompositor-08B3AD80]RENDER WARNING: texture bound to texture unit 3 is not renderable. It maybe non-power-of-2 and have incompatible texture filtering.
janv. 04, 2017 14:22:39.25 [WARNING:..\..\..\..\flash\platform\pepper\pep_module.cpp(63)] SANDBOXED
janv. 04, 2017 14:26:00.68 Vector smash protection is enabled.
janv. 04, 2017 14:26:32.65 [WARNING:..\..\..\..\flash\platform\pepper\pep_module.cpp(63)] SANDBOXED
janv. 04, 2017 14:28:09.17 Vector smash protection is enabled.
janv. 04, 2017 14:28:41.65 [WARNING:..\..\..\..\flash\platform\pepper\pep_module.cpp(63)] SANDBOXED

janv. 05, 2017 18:22:51.37 NEW SESSION
janv. 05, 2017 18:22:51.42 [10868:11028:0105/182251:ERROR:CONSOLE(137)] "Failed to execute 'postMessage' on 'DOMWindow': The target origin provided ('https://www.facebook.com') does not match the recipient window's origin ('https://www.google.be').", source: chrome-search://most-visited/single.js (137)
